2026-02-11 13:21:36 [main] TRACE LoggingTest -
        trace log: you have entered the method 'division'
2026-02-11 13:21:36 [main] DEBUG LoggingTest -
        debug log: we use this level of log to debug our program
2026-02-11 13:21:36 [main] INFO  LoggingTest -
        info log: this is used to show normal information that happens in our program
2026-02-11 13:21:36 [main] WARN  LoggingTest -
        warn log: used to show potential
2026-02-11 13:21:36 [main] ERROR LoggingTest -
        error log: used for login problems and error that concern
2026-02-11 13:21:36 [main] ERROR LoggingTest -
        / by zero
2026-02-11 13:43:28 [main] TRACE LoggingTest - trace log: you have entered the method 'division'
2026-02-11 13:43:28 [main] DEBUG LoggingTest - debug log: we use this level of log to debug our program
2026-02-11 13:43:28 [main] INFO  LoggingTest - info log: this is used to show normal information that happens in our program
2026-02-11 13:43:28 [main] WARN  LoggingTest - warn log: used to show potential
2026-02-11 13:43:53 [main] TRACE LoggingTest - trace log: you have entered the method 'division'
2026-02-11 13:43:53 [main] DEBUG LoggingTest - debug log: we use this level of log to debug our program
2026-02-11 13:43:53 [main] INFO  LoggingTest - info log: this is used to show normal information that happens in our program
2026-02-11 13:43:53 [main] WARN  LoggingTest - warn log: used to show potential
2026-02-11 13:44:09 [main] TRACE LoggingTest - trace log: you have entered the method 'division'
2026-02-11 13:44:09 [main] DEBUG LoggingTest - debug log: we use this level of log to debug our program
2026-02-11 13:44:09 [main] INFO  LoggingTest - info log: this is used to show normal information that happens in our program
2026-02-11 13:44:09 [main] WARN  LoggingTest - warn log: used to show potential
